# JRE version: Java(TM) SE Runtime Environment (8.0_102-b14) (build 1.8.0_102-b14)
# Java VM: Java HotSpot(TM) 64-Bit Server VM (25.102-b14 mixed mode bsd-amd64 compressed oops)
Heap:
 PSYoungGen      total 1128448K, used 482096K [0x000000076ab00000, 0x00000007c0000000, 0x00000007c0000000)
  eden space 1113088K, 41% used [0x000000076ab00000,0x00000007872ccbe8,0x00000007aea00000)
  from space 15360K, 99% used [0x00000007aea00000,0x00000007af8ff4a8,0x00000007af900000)
  to   space 18944K, 0% used [0x00000007bed80000,0x00000007bed80000,0x00000007c0000000)
 ParOldGen       total 199168K, used 41769K [0x00000006c0000000, 0x00000006cc280000, 0x000000076ab00000)
  object space 199168K, 20% used [0x00000006c0000000,0x00000006c28ca4b8,0x00000006cc280000)
 Metaspace       used 103723K, capacity 155752K, committed 155952K, reserved 1157120K
  class space    used 30037K, capacity 48585K, committed 48688K, reserved 1048576K
GC Heap History (10 events):
Event: 28.571 GC heap before
{Heap before GC invocations=15 (full 3):
 PSYoungGen      total 588288K, used 577024K [0x000000076ab00000, 0x000000079e080000, 0x00000007c0000000)
  eden space 577024K, 100% used [0x000000076ab00000,0x000000078de80000,0x000000078de80000)
  from space 11264K, 0% used [0x000000078de80000,0x000000078de80000,0x000000078e980000)
  to   space 12800K, 0% used [0x000000079d400000,0x000000079d400000,0x000000079e080000)
 ParOldGen       total 155136K, used 24929K [0x00000006c0000000, 0x00000006c9780000, 0x000000076ab00000)
  object space 155136K, 16% used [0x00000006c0000000,0x00000006c18585b8,0x00000006c9780000)
 Metaspace       used 54627K, capacity 77024K, committed 77360K, reserved 1103872K
  class space    used 15101K, capacity 22750K, committed 22832K, reserved 1048576K
Event: 28.592 GC heap after
Heap after GC invocations=15 (full 3):
 PSYoungGen      total 824320K, used 9361K [0x000000076ab00000, 0x000000079df00000, 0x00000007c0000000)
  eden space 813056K, 0% used [0x000000076ab00000,0x000000076ab00000,0x000000079c500000)
  from space 11264K, 83% used [0x000000079d400000,0x000000079dd245d8,0x000000079df00000)
  to   space 13312K, 0% used [0x000000079c500000,0x000000079c500000,0x000000079d200000)
 ParOldGen       total 155136K, used 24937K [0x00000006c0000000, 0x00000006c9780000, 0x000000076ab00000)
  object space 155136K, 16% used [0x00000006c0000000,0x00000006c185a5b8,0x00000006c9780000)
 Metaspace       used 54627K, capacity 77024K, committed 77360K, reserved 1103872K
  class space    used 15101K, capacity 22750K, committed 22832K, reserved 1048576K
}
Event: 37.133 GC heap before
{Heap before GC invocations=16 (full 3):
 PSYoungGen      total 824320K, used 822417K [0x000000076ab00000, 0x000000079df00000, 0x00000007c0000000)
  eden space 813056K, 100% used [0x000000076ab00000,0x000000079c500000,0x000000079c500000)
  from space 11264K, 83% used [0x000000079d400000,0x000000079dd245d8,0x000000079df00000)
  to   space 13312K, 0% used [0x000000079c500000,0x000000079c500000,0x000000079d200000)
 ParOldGen       total 155136K, used 24937K [0x00000006c0000000, 0x00000006c9780000, 0x000000076ab00000)
  object space 155136K, 16% used [0x00000006c0000000,0x00000006c185a5b8,0x00000006c9780000)
 Metaspace       used 67199K, capacity 97378K, committed 97584K, reserved 1116160K
  class space    used 19128K, capacity 30448K, committed 30512K, reserved 1048576K
Event: 37.158 GC heap after
Heap after GC invocations=16 (full 3):
 PSYoungGen      total 826368K, used 13280K [0x000000076ab00000, 0x00000007b0b00000, 0x00000007c0000000)
  eden space 813056K, 0% used [0x000000076ab00000,0x000000076ab00000,0x000000079c500000)
  from space 13312K, 99% used [0x000000079c500000,0x000000079d1f80e0,0x000000079d200000)
  to   space 15872K, 0% used [0x00000007afb80000,0x00000007afb80000,0x00000007b0b00000)
 ParOldGen       total 155136K, used 28120K [0x00000006c0000000, 0x00000006c9780000, 0x000000076ab00000)
  object space 155136K, 18% used [0x00000006c0000000,0x00000006c1b761f8,0x00000006c9780000)
 Metaspace       used 67199K, capacity 97378K, committed 97584K, reserved 1116160K
  class space    used 19128K, capacity 30448K, committed 30512K, reserved 1048576K
}
Event: 37.631 GC heap before
{Heap before GC invocations=17 (full 3):
 PSYoungGen      total 826368K, used 69237K [0x000000076ab00000, 0x00000007b0b00000, 0x00000007c0000000)
  eden space 813056K, 6% used [0x000000076ab00000,0x000000076e1a55a0,0x000000079c500000)
  from space 13312K, 99% used [0x000000079c500000,0x000000079d1f80e0,0x000000079d200000)
  to   space 15872K, 0% used [0x00000007afb80000,0x00000007afb80000,0x00000007b0b00000)
 ParOldGen       total 155136K, used 28120K [0x00000006c0000000, 0x00000006c9780000, 0x000000076ab00000)
  object space 155136K, 18% used [0x00000006c0000000,0x00000006c1b761f8,0x00000006c9780000)
 Metaspace       used 68112K, capacity 98478K, committed 98600K, reserved 1118208K
  class space    used 19362K, capacity 30768K, committed 30768K, reserved 1048576K
Event: 37.648 GC heap after
Heap after GC invocations=17 (full 3):
 PSYoungGen      total 1125888K, used 8430K [0x000000076ab00000, 0x00000007b0800000, 0x00000007c0000000)
  eden space 1113088K, 0% used [0x000000076ab00000,0x000000076ab00000,0x00000007aea00000)
  from space 12800K, 65% used [0x00000007afb80000,0x00000007b03bbb28,0x00000007b0800000)
  to   space 15360K, 0% used [0x00000007aea00000,0x00000007aea00000,0x00000007af900000)
 ParOldGen       total 155136K, used 33784K [0x00000006c0000000, 0x00000006c9780000, 0x000000076ab00000)
  object space 155136K, 21% used [0x00000006c0000000,0x00000006c20fe208,0x00000006c9780000)
 Metaspace       used 68112K, capacity 98478K, committed 98600K, reserved 1118208K
  class space    used 19362K, capacity 30768K, committed 30768K, reserved 1048576K
}
Event: 37.648 GC heap before
{Heap before GC invocations=18 (full 4):
 PSYoungGen      total 1125888K, used 8430K [0x000000076ab00000, 0x00000007b0800000, 0x00000007c0000000)
  eden space 1113088K, 0% used [0x000000076ab00000,0x000000076ab00000,0x00000007aea00000)
  from space 12800K, 65% used [0x00000007afb80000,0x00000007b03bbb28,0x00000007b0800000)
  to   space 15360K, 0% used [0x00000007aea00000,0x00000007aea00000,0x00000007af900000)
 ParOldGen       total 155136K, used 33784K [0x00000006c0000000, 0x00000006c9780000, 0x000000076ab00000)
  object space 155136K, 21% used [0x00000006c0000000,0x00000006c20fe208,0x00000006c9780000)
 Metaspace       used 68112K, capacity 98478K, committed 98600K, reserved 1118208K
  class space    used 19362K, capacity 30768K, committed 30768K, reserved 1048576K
Event: 37.866 GC heap after
Heap after GC invocations=18 (full 4):
 PSYoungGen      total 1125888K, used 0K [0x000000076ab00000, 0x00000007b0800000, 0x00000007c0000000)
  eden space 1113088K, 0% used [0x000000076ab00000,0x000000076ab00000,0x00000007aea00000)
  from space 12800K, 0% used [0x00000007afb80000,0x00000007afb80000,0x00000007b0800000)
  to   space 15360K, 0% used [0x00000007aea00000,0x00000007aea00000,0x00000007af900000)
 ParOldGen       total 199168K, used 38047K [0x00000006c0000000, 0x00000006cc280000, 0x000000076ab00000)
  object space 199168K, 19% used [0x00000006c0000000,0x00000006c2527ea0,0x00000006cc280000)
 Metaspace       used 68109K, capacity 98472K, committed 98600K, reserved 1118208K
  class space    used 19361K, capacity 30766K, committed 30768K, reserved 1048576K
}
Event: 52.597 GC heap before
{Heap before GC invocations=19 (full 4):
 PSYoungGen      total 1125888K, used 1113088K [0x000000076ab00000, 0x00000007b0800000, 0x00000007c0000000)
  eden space 1113088K, 100% used [0x000000076ab00000,0x00000007aea00000,0x00000007aea00000)
  from space 12800K, 0% used [0x00000007afb80000,0x00000007afb80000,0x00000007b0800000)
  to   space 15360K, 0% used [0x00000007aea00000,0x00000007aea00000,0x00000007af900000)
 ParOldGen       total 199168K, used 38047K [0x00000006c0000000, 0x00000006cc280000, 0x000000076ab00000)
  object space 199168K, 19% used [0x00000006c0000000,0x00000006c2527ea0,0x00000006cc280000)
 Metaspace       used 93976K, capacity 138566K, committed 138800K, reserved 1144832K
  class space    used 26653K, capacity 42791K, committed 42800K, reserved 1048576K
Event: 52.665 GC heap after
Heap after GC invocations=19 (full 4):
 PSYoungGen      total 1128448K, used 15357K [0x000000076ab00000, 0x00000007c0000000, 0x00000007c0000000)
  eden space 1113088K, 0% used [0x000000076ab00000,0x000000076ab00000,0x00000007aea00000)
  from space 15360K, 99% used [0x00000007aea00000,0x00000007af8ff4a8,0x00000007af900000)
  to   space 18944K, 0% used [0x00000007bed80000,0x00000007bed80000,0x00000007c0000000)
 ParOldGen       total 199168K, used 41769K [0x00000006c0000000, 0x00000006cc280000, 0x000000076ab00000)
  object space 199168K, 20% used [0x00000006c0000000,0x00000006c28ca4b8,0x00000006cc280000)
 Metaspace       used 93976K, capacity 138566K, committed 138800K, reserved 1144832K
  class space    used 26653K, capacity 42791K, committed 42800K, reserved 1048576K
}

